Determining if files select.h exist failed with the following output:
Change Dir: /home/pi/mariadb-connector-c-3.1.12-src/CMakeFiles/CMakeTmp

Run Build Command:"/usr/bin/make" "cmTC_9eafa/fast"
/usr/bin/make -f CMakeFiles/cmTC_9eafa.dir/build.make CMakeFiles/cmTC_9eafa.dir/build
make[1]: 进入目录“/home/pi/mariadb-connector-c-3.1.12-src/CMakeFiles/CMakeTmp”
Building C object CMakeFiles/cmTC_9eafa.dir/HAVE_SELECT_H.c.o
/usr/bin/cc   -Wunused -Wlogical-op -Wno-uninitialized -Wall -Wextra -Wformat-security -Wno-init-self -Wwrite-strings -Wshift-count-overflow -Wdeclaration-after-statement -Wno-undef -Wno-unknown-pragmas    -o CMakeFiles/cmTC_9eafa.dir/HAVE_SELECT_H.c.o   -c /home/pi/mariadb-connector-c-3.1.12-src/CMakeFiles/CheckIncludeFiles/HAVE_SELECT_H.c
/home/pi/mariadb-connector-c-3.1.12-src/CMakeFiles/CheckIncludeFiles/HAVE_SELECT_H.c:2:10: fatal error: select.h: 没有那个文件或目录
 #include <select.h>
          ^~~~~~~~~~
compilation terminated.
make[1]: *** [CMakeFiles/cmTC_9eafa.dir/build.make:66：CMakeFiles/cmTC_9eafa.dir/HAVE_SELECT_H.c.o] 错误 1
make[1]: 离开目录“/home/pi/mariadb-connector-c-3.1.12-src/CMakeFiles/CMakeTmp”
make: *** [Makefile:121：cmTC_9eafa/fast] 错误 2

Source:
/* */
#include <select.h>


int main(void){return 0;}

Determining if the function alloca exists failed with the following output:
Change Dir: /home/pi/mariadb-connector-c-3.1.12-src/CMakeFiles/CMakeTmp

Run Build Command:"/usr/bin/make" "cmTC_72df6/fast"
/usr/bin/make -f CMakeFiles/cmTC_72df6.dir/build.make CMakeFiles/cmTC_72df6.dir/build
make[1]: 进入目录“/home/pi/mariadb-connector-c-3.1.12-src/CMakeFiles/CMakeTmp”
Building C object CMakeFiles/cmTC_72df6.dir/CheckFunctionExists.c.o
/usr/bin/cc   -Wunused -Wlogical-op -Wno-uninitialized -Wall -Wextra -Wformat-security -Wno-init-self -Wwrite-strings -Wshift-count-overflow -Wdeclaration-after-statement -Wno-undef -Wno-unknown-pragmas -DCHECK_FUNCTION_EXISTS=alloca   -o CMakeFiles/cmTC_72df6.dir/CheckFunctionExists.c.o   -c /usr/share/cmake-3.13/Modules/CheckFunctionExists.c
<command-line>: warning: conflicting types for built-in function ‘alloca’ [-Wbuiltin-declaration-mismatch]
/usr/share/cmake-3.13/Modules/CheckFunctionExists.c:7:3: note: in expansion of macro ‘CHECK_FUNCTION_EXISTS’
   CHECK_FUNCTION_EXISTS(void);
   ^~~~~~~~~~~~~~~~~~~~~
Linking C executable cmTC_72df6
/usr/bin/cmake -E cmake_link_script CMakeFiles/cmTC_72df6.dir/link.txt --verbose=1
/usr/bin/cc  -Wunused -Wlogical-op -Wno-uninitialized -Wall -Wextra -Wformat-security -Wno-init-self -Wwrite-strings -Wshift-count-overflow -Wdeclaration-after-statement -Wno-undef -Wno-unknown-pragmas -DCHECK_FUNCTION_EXISTS=alloca    -rdynamic CMakeFiles/cmTC_72df6.dir/CheckFunctionExists.c.o  -o cmTC_72df6 
/usr/bin/ld: CMakeFiles/cmTC_72df6.dir/CheckFunctionExists.c.o: in function `main':
CheckFunctionExists.c:(.text+0x14): undefined reference to `alloca'
collect2: error: ld returned 1 exit status
make[1]: *** [CMakeFiles/cmTC_72df6.dir/build.make:87：cmTC_72df6] 错误 1
make[1]: 离开目录“/home/pi/mariadb-connector-c-3.1.12-src/CMakeFiles/CMakeTmp”
make: *** [Makefile:121：cmTC_72df6/fast] 错误 2


Determining if the function dlerror exists failed with the following output:
Change Dir: /home/pi/mariadb-connector-c-3.1.12-src/CMakeFiles/CMakeTmp

Run Build Command:"/usr/bin/make" "cmTC_eb8f5/fast"
/usr/bin/make -f CMakeFiles/cmTC_eb8f5.dir/build.make CMakeFiles/cmTC_eb8f5.dir/build
make[1]: 进入目录“/home/pi/mariadb-connector-c-3.1.12-src/CMakeFiles/CMakeTmp”
Building C object CMakeFiles/cmTC_eb8f5.dir/CheckFunctionExists.c.o
/usr/bin/cc   -Wunused -Wlogical-op -Wno-uninitialized -Wall -Wextra -Wformat-security -Wno-init-self -Wwrite-strings -Wshift-count-overflow -Wdeclaration-after-statement -Wno-undef -Wno-unknown-pragmas -DCHECK_FUNCTION_EXISTS=dlerror   -o CMakeFiles/cmTC_eb8f5.dir/CheckFunctionExists.c.o   -c /usr/share/cmake-3.13/Modules/CheckFunctionExists.c
Linking C executable cmTC_eb8f5
/usr/bin/cmake -E cmake_link_script CMakeFiles/cmTC_eb8f5.dir/link.txt --verbose=1
/usr/bin/cc  -Wunused -Wlogical-op -Wno-uninitialized -Wall -Wextra -Wformat-security -Wno-init-self -Wwrite-strings -Wshift-count-overflow -Wdeclaration-after-statement -Wno-undef -Wno-unknown-pragmas -DCHECK_FUNCTION_EXISTS=dlerror    -rdynamic CMakeFiles/cmTC_eb8f5.dir/CheckFunctionExists.c.o  -o cmTC_eb8f5 
/usr/bin/ld: CMakeFiles/cmTC_eb8f5.dir/CheckFunctionExists.c.o: in function `main':
CheckFunctionExists.c:(.text+0x14): undefined reference to `dlerror'
collect2: error: ld returned 1 exit status
make[1]: *** [CMakeFiles/cmTC_eb8f5.dir/build.make:87：cmTC_eb8f5] 错误 1
make[1]: 离开目录“/home/pi/mariadb-connector-c-3.1.12-src/CMakeFiles/CMakeTmp”
make: *** [Makefile:121：cmTC_eb8f5/fast] 错误 2


Determining if the function dlopen exists failed with the following output:
Change Dir: /home/pi/mariadb-connector-c-3.1.12-src/CMakeFiles/CMakeTmp

Run Build Command:"/usr/bin/make" "cmTC_cff42/fast"
/usr/bin/make -f CMakeFiles/cmTC_cff42.dir/build.make CMakeFiles/cmTC_cff42.dir/build
make[1]: 进入目录“/home/pi/mariadb-connector-c-3.1.12-src/CMakeFiles/CMakeTmp”
Building C object CMakeFiles/cmTC_cff42.dir/CheckFunctionExists.c.o
/usr/bin/cc   -Wunused -Wlogical-op -Wno-uninitialized -Wall -Wextra -Wformat-security -Wno-init-self -Wwrite-strings -Wshift-count-overflow -Wdeclaration-after-statement -Wno-undef -Wno-unknown-pragmas -DCHECK_FUNCTION_EXISTS=dlopen   -o CMakeFiles/cmTC_cff42.dir/CheckFunctionExists.c.o   -c /usr/share/cmake-3.13/Modules/CheckFunctionExists.c
Linking C executable cmTC_cff42
/usr/bin/cmake -E cmake_link_script CMakeFiles/cmTC_cff42.dir/link.txt --verbose=1
/usr/bin/cc  -Wunused -Wlogical-op -Wno-uninitialized -Wall -Wextra -Wformat-security -Wno-init-self -Wwrite-strings -Wshift-count-overflow -Wdeclaration-after-statement -Wno-undef -Wno-unknown-pragmas -DCHECK_FUNCTION_EXISTS=dlopen    -rdynamic CMakeFiles/cmTC_cff42.dir/CheckFunctionExists.c.o  -o cmTC_cff42 
/usr/bin/ld: CMakeFiles/cmTC_cff42.dir/CheckFunctionExists.c.o: in function `main':
CheckFunctionExists.c:(.text+0x14): undefined reference to `dlopen'
collect2: error: ld returned 1 exit status
make[1]: *** [CMakeFiles/cmTC_cff42.dir/build.make:87：cmTC_cff42] 错误 1
make[1]: 离开目录“/home/pi/mariadb-connector-c-3.1.12-src/CMakeFiles/CMakeTmp”
make: *** [Makefile:121：cmTC_cff42/fast] 错误 2


Determining size of uchar failed with the following output:
Change Dir: /home/pi/mariadb-connector-c-3.1.12-src/CMakeFiles/CMakeTmp

Run Build Command:"/usr/bin/make" "cmTC_b976d/fast"
/usr/bin/make -f CMakeFiles/cmTC_b976d.dir/build.make CMakeFiles/cmTC_b976d.dir/build
make[1]: 进入目录“/home/pi/mariadb-connector-c-3.1.12-src/CMakeFiles/CMakeTmp”
Building C object CMakeFiles/cmTC_b976d.dir/SIZEOF_UCHAR.c.o
/usr/bin/cc   -Wunused -Wlogical-op -Wno-uninitialized -Wall -Wextra -Wformat-security -Wno-init-self -Wwrite-strings -Wshift-count-overflow -Wdeclaration-after-statement -Wno-undef -Wno-unknown-pragmas    -o CMakeFiles/cmTC_b976d.dir/SIZEOF_UCHAR.c.o   -c /home/pi/mariadb-connector-c-3.1.12-src/CMakeFiles/CheckTypeSize/SIZEOF_UCHAR.c
/home/pi/mariadb-connector-c-3.1.12-src/CMakeFiles/CheckTypeSize/SIZEOF_UCHAR.c:24:22: error: ‘uchar’ undeclared here (not in a function); did you mean ‘u_char’?
 #define SIZE (sizeof(uchar))
                      ^~~~~
/home/pi/mariadb-connector-c-3.1.12-src/CMakeFiles/CheckTypeSize/SIZEOF_UCHAR.c:26:12: note: in expansion of macro ‘SIZE’
   ('0' + ((SIZE / 10000)%10)),
            ^~~~
make[1]: *** [CMakeFiles/cmTC_b976d.dir/build.make:66：CMakeFiles/cmTC_b976d.dir/SIZEOF_UCHAR.c.o] 错误 1
make[1]: 离开目录“/home/pi/mariadb-connector-c-3.1.12-src/CMakeFiles/CMakeTmp”
make: *** [Makefile:121：cmTC_b976d/fast] 错误 2

/home/pi/mariadb-connector-c-3.1.12-src/CMakeFiles/CheckTypeSize/SIZEOF_UCHAR.c:
#include <sys/types.h>
#include <stdint.h>
#include <stddef.h>
#include "sys/types.h"


#undef KEY
#if defined(__i386)
# define KEY '_','_','i','3','8','6'
#elif defined(__x86_64)
# define KEY '_','_','x','8','6','_','6','4'
#elif defined(__ppc__)
# define KEY '_','_','p','p','c','_','_'
#elif defined(__ppc64__)
# define KEY '_','_','p','p','c','6','4','_','_'
#elif defined(__aarch64__)
# define KEY '_','_','a','a','r','c','h','6','4','_','_'
#elif defined(__ARM_ARCH_7A__)
# define KEY '_','_','A','R','M','_','A','R','C','H','_','7','A','_','_'
#elif defined(__ARM_ARCH_7S__)
# define KEY '_','_','A','R','M','_','A','R','C','H','_','7','S','_','_'
#endif

#define SIZE (sizeof(uchar))
char info_size[] =  {'I', 'N', 'F', 'O', ':', 's','i','z','e','[',
  ('0' + ((SIZE / 10000)%10)),
  ('0' + ((SIZE / 1000)%10)),
  ('0' + ((SIZE / 100)%10)),
  ('0' + ((SIZE / 10)%10)),
  ('0' +  (SIZE    % 10)),
  ']',
#ifdef KEY
  ' ','k','e','y','[', KEY, ']',
#endif
  '\0'};

#ifdef __CLASSIC_C__
int main(argc, argv) int argc; char *argv[];
#else
int main(int argc, char *argv[])
#endif
{
  int require = 0;
  require += info_size[argc];
  (void)argv;
  return require;
}


Determining size of int8 failed with the following output:
Change Dir: /home/pi/mariadb-connector-c-3.1.12-src/CMakeFiles/CMakeTmp

Run Build Command:"/usr/bin/make" "cmTC_54b22/fast"
/usr/bin/make -f CMakeFiles/cmTC_54b22.dir/build.make CMakeFiles/cmTC_54b22.dir/build
make[1]: 进入目录“/home/pi/mariadb-connector-c-3.1.12-src/CMakeFiles/CMakeTmp”
Building C object CMakeFiles/cmTC_54b22.dir/SIZEOF_INT8.c.o
/usr/bin/cc   -Wunused -Wlogical-op -Wno-uninitialized -Wall -Wextra -Wformat-security -Wno-init-self -Wwrite-strings -Wshift-count-overflow -Wdeclaration-after-statement -Wno-undef -Wno-unknown-pragmas    -o CMakeFiles/cmTC_54b22.dir/SIZEOF_INT8.c.o   -c /home/pi/mariadb-connector-c-3.1.12-src/CMakeFiles/CheckTypeSize/SIZEOF_INT8.c
/home/pi/mariadb-connector-c-3.1.12-src/CMakeFiles/CheckTypeSize/SIZEOF_INT8.c:24:22: error: ‘int8’ undeclared here (not in a function); did you mean ‘int’?
 #define SIZE (sizeof(int8))
                      ^~~~
/home/pi/mariadb-connector-c-3.1.12-src/CMakeFiles/CheckTypeSize/SIZEOF_INT8.c:26:12: note: in expansion of macro ‘SIZE’
   ('0' + ((SIZE / 10000)%10)),
            ^~~~
make[1]: *** [CMakeFiles/cmTC_54b22.dir/build.make:66：CMakeFiles/cmTC_54b22.dir/SIZEOF_INT8.c.o] 错误 1
make[1]: 离开目录“/home/pi/mariadb-connector-c-3.1.12-src/CMakeFiles/CMakeTmp”
make: *** [Makefile:121：cmTC_54b22/fast] 错误 2

/home/pi/mariadb-connector-c-3.1.12-src/CMakeFiles/CheckTypeSize/SIZEOF_INT8.c:
#include <sys/types.h>
#include <stdint.h>
#include <stddef.h>
#include "sys/types.h"


#undef KEY
#if defined(__i386)
# define KEY '_','_','i','3','8','6'
#elif defined(__x86_64)
# define KEY '_','_','x','8','6','_','6','4'
#elif defined(__ppc__)
# define KEY '_','_','p','p','c','_','_'
#elif defined(__ppc64__)
# define KEY '_','_','p','p','c','6','4','_','_'
#elif defined(__aarch64__)
# define KEY '_','_','a','a','r','c','h','6','4','_','_'
#elif defined(__ARM_ARCH_7A__)
# define KEY '_','_','A','R','M','_','A','R','C','H','_','7','A','_','_'
#elif defined(__ARM_ARCH_7S__)
# define KEY '_','_','A','R','M','_','A','R','C','H','_','7','S','_','_'
#endif

#define SIZE (sizeof(int8))
char info_size[] =  {'I', 'N', 'F', 'O', ':', 's','i','z','e','[',
  ('0' + ((SIZE / 10000)%10)),
  ('0' + ((SIZE / 1000)%10)),
  ('0' + ((SIZE / 100)%10)),
  ('0' + ((SIZE / 10)%10)),
  ('0' +  (SIZE    % 10)),
  ']',
#ifdef KEY
  ' ','k','e','y','[', KEY, ']',
#endif
  '\0'};

#ifdef __CLASSIC_C__
int main(argc, argv) int argc; char *argv[];
#else
int main(int argc, char *argv[])
#endif
{
  int require = 0;
  require += info_size[argc];
  (void)argv;
  return require;
}


Determining size of uint8 failed with the following output:
Change Dir: /home/pi/mariadb-connector-c-3.1.12-src/CMakeFiles/CMakeTmp

Run Build Command:"/usr/bin/make" "cmTC_f75d0/fast"
/usr/bin/make -f CMakeFiles/cmTC_f75d0.dir/build.make CMakeFiles/cmTC_f75d0.dir/build
make[1]: 进入目录“/home/pi/mariadb-connector-c-3.1.12-src/CMakeFiles/CMakeTmp”
Building C object CMakeFiles/cmTC_f75d0.dir/SIZEOF_UINT8.c.o
/usr/bin/cc   -Wunused -Wlogical-op -Wno-uninitialized -Wall -Wextra -Wformat-security -Wno-init-self -Wwrite-strings -Wshift-count-overflow -Wdeclaration-after-statement -Wno-undef -Wno-unknown-pragmas    -o CMakeFiles/cmTC_f75d0.dir/SIZEOF_UINT8.c.o   -c /home/pi/mariadb-connector-c-3.1.12-src/CMakeFiles/CheckTypeSize/SIZEOF_UINT8.c
/home/pi/mariadb-connector-c-3.1.12-src/CMakeFiles/CheckTypeSize/SIZEOF_UINT8.c:24:22: error: ‘uint8’ undeclared here (not in a function); did you mean ‘uint’?
 #define SIZE (sizeof(uint8))
                      ^~~~~
/home/pi/mariadb-connector-c-3.1.12-src/CMakeFiles/CheckTypeSize/SIZEOF_UINT8.c:26:12: note: in expansion of macro ‘SIZE’
   ('0' + ((SIZE / 10000)%10)),
            ^~~~
make[1]: *** [CMakeFiles/cmTC_f75d0.dir/build.make:66：CMakeFiles/cmTC_f75d0.dir/SIZEOF_UINT8.c.o] 错误 1
make[1]: 离开目录“/home/pi/mariadb-connector-c-3.1.12-src/CMakeFiles/CMakeTmp”
make: *** [Makefile:121：cmTC_f75d0/fast] 错误 2

/home/pi/mariadb-connector-c-3.1.12-src/CMakeFiles/CheckTypeSize/SIZEOF_UINT8.c:
#include <sys/types.h>
#include <stdint.h>
#include <stddef.h>
#include "sys/types.h"


#undef KEY
#if defined(__i386)
# define KEY '_','_','i','3','8','6'
#elif defined(__x86_64)
# define KEY '_','_','x','8','6','_','6','4'
#elif defined(__ppc__)
# define KEY '_','_','p','p','c','_','_'
#elif defined(__ppc64__)
# define KEY '_','_','p','p','c','6','4','_','_'
#elif defined(__aarch64__)
# define KEY '_','_','a','a','r','c','h','6','4','_','_'
#elif defined(__ARM_ARCH_7A__)
# define KEY '_','_','A','R','M','_','A','R','C','H','_','7','A','_','_'
#elif defined(__ARM_ARCH_7S__)
# define KEY '_','_','A','R','M','_','A','R','C','H','_','7','S','_','_'
#endif

#define SIZE (sizeof(uint8))
char info_size[] =  {'I', 'N', 'F', 'O', ':', 's','i','z','e','[',
  ('0' + ((SIZE / 10000)%10)),
  ('0' + ((SIZE / 1000)%10)),
  ('0' + ((SIZE / 100)%10)),
  ('0' + ((SIZE / 10)%10)),
  ('0' +  (SIZE    % 10)),
  ']',
#ifdef KEY
  ' ','k','e','y','[', KEY, ']',
#endif
  '\0'};

#ifdef __CLASSIC_C__
int main(argc, argv) int argc; char *argv[];
#else
int main(int argc, char *argv[])
#endif
{
  int require = 0;
  require += info_size[argc];
  (void)argv;
  return require;
}


Determining size of int16 failed with the following output:
Change Dir: /home/pi/mariadb-connector-c-3.1.12-src/CMakeFiles/CMakeTmp

Run Build Command:"/usr/bin/make" "cmTC_ba1c8/fast"
/usr/bin/make -f CMakeFiles/cmTC_ba1c8.dir/build.make CMakeFiles/cmTC_ba1c8.dir/build
make[1]: 进入目录“/home/pi/mariadb-connector-c-3.1.12-src/CMakeFiles/CMakeTmp”
Building C object CMakeFiles/cmTC_ba1c8.dir/SIZEOF_INT16.c.o
/usr/bin/cc   -Wunused -Wlogical-op -Wno-uninitialized -Wall -Wextra -Wformat-security -Wno-init-self -Wwrite-strings -Wshift-count-overflow -Wdeclaration-after-statement -Wno-undef -Wno-unknown-pragmas    -o CMakeFiles/cmTC_ba1c8.dir/SIZEOF_INT16.c.o   -c /home/pi/mariadb-connector-c-3.1.12-src/CMakeFiles/CheckTypeSize/SIZEOF_INT16.c
/home/pi/mariadb-connector-c-3.1.12-src/CMakeFiles/CheckTypeSize/SIZEOF_INT16.c:24:22: error: ‘int16’ undeclared here (not in a function); did you mean ‘int16_t’?
 #define SIZE (sizeof(int16))
                      ^~~~~
/home/pi/mariadb-connector-c-3.1.12-src/CMakeFiles/CheckTypeSize/SIZEOF_INT16.c:26:12: note: in expansion of macro ‘SIZE’
   ('0' + ((SIZE / 10000)%10)),
            ^~~~
make[1]: *** [CMakeFiles/cmTC_ba1c8.dir/build.make:66：CMakeFiles/cmTC_ba1c8.dir/SIZEOF_INT16.c.o] 错误 1
make[1]: 离开目录“/home/pi/mariadb-connector-c-3.1.12-src/CMakeFiles/CMakeTmp”
make: *** [Makefile:121：cmTC_ba1c8/fast] 错误 2

/home/pi/mariadb-connector-c-3.1.12-src/CMakeFiles/CheckTypeSize/SIZEOF_INT16.c:
#include <sys/types.h>
#include <stdint.h>
#include <stddef.h>
#include "sys/types.h"


#undef KEY
#if defined(__i386)
# define KEY '_','_','i','3','8','6'
#elif defined(__x86_64)
# define KEY '_','_','x','8','6','_','6','4'
#elif defined(__ppc__)
# define KEY '_','_','p','p','c','_','_'
#elif defined(__ppc64__)
# define KEY '_','_','p','p','c','6','4','_','_'
#elif defined(__aarch64__)
# define KEY '_','_','a','a','r','c','h','6','4','_','_'
#elif defined(__ARM_ARCH_7A__)
# define KEY '_','_','A','R','M','_','A','R','C','H','_','7','A','_','_'
#elif defined(__ARM_ARCH_7S__)
# define KEY '_','_','A','R','M','_','A','R','C','H','_','7','S','_','_'
#endif

#define SIZE (sizeof(int16))
char info_size[] =  {'I', 'N', 'F', 'O', ':', 's','i','z','e','[',
  ('0' + ((SIZE / 10000)%10)),
  ('0' + ((SIZE / 1000)%10)),
  ('0' + ((SIZE / 100)%10)),
  ('0' + ((SIZE / 10)%10)),
  ('0' +  (SIZE    % 10)),
  ']',
#ifdef KEY
  ' ','k','e','y','[', KEY, ']',
#endif
  '\0'};

#ifdef __CLASSIC_C__
int main(argc, argv) int argc; char *argv[];
#else
int main(int argc, char *argv[])
#endif
{
  int require = 0;
  require += info_size[argc];
  (void)argv;
  return require;
}


Determining size of uint16 failed with the following output:
Change Dir: /home/pi/mariadb-connector-c-3.1.12-src/CMakeFiles/CMakeTmp

Run Build Command:"/usr/bin/make" "cmTC_b45bc/fast"
/usr/bin/make -f CMakeFiles/cmTC_b45bc.dir/build.make CMakeFiles/cmTC_b45bc.dir/build
make[1]: 进入目录“/home/pi/mariadb-connector-c-3.1.12-src/CMakeFiles/CMakeTmp”
Building C object CMakeFiles/cmTC_b45bc.dir/SIZEOF_UINT16.c.o
/usr/bin/cc   -Wunused -Wlogical-op -Wno-uninitialized -Wall -Wextra -Wformat-security -Wno-init-self -Wwrite-strings -Wshift-count-overflow -Wdeclaration-after-statement -Wno-undef -Wno-unknown-pragmas    -o CMakeFiles/cmTC_b45bc.dir/SIZEOF_UINT16.c.o   -c /home/pi/mariadb-connector-c-3.1.12-src/CMakeFiles/CheckTypeSize/SIZEOF_UINT16.c
/home/pi/mariadb-connector-c-3.1.12-src/CMakeFiles/CheckTypeSize/SIZEOF_UINT16.c:24:22: error: ‘uint16’ undeclared here (not in a function); did you mean ‘uint16_t’?
 #define SIZE (sizeof(uint16))
                      ^~~~~~
/home/pi/mariadb-connector-c-3.1.12-src/CMakeFiles/CheckTypeSize/SIZEOF_UINT16.c:26:12: note: in expansion of macro ‘SIZE’
   ('0' + ((SIZE / 10000)%10)),
            ^~~~
make[1]: *** [CMakeFiles/cmTC_b45bc.dir/build.make:66：CMakeFiles/cmTC_b45bc.dir/SIZEOF_UINT16.c.o] 错误 1
make[1]: 离开目录“/home/pi/mariadb-connector-c-3.1.12-src/CMakeFiles/CMakeTmp”
make: *** [Makefile:121：cmTC_b45bc/fast] 错误 2

/home/pi/mariadb-connector-c-3.1.12-src/CMakeFiles/CheckTypeSize/SIZEOF_UINT16.c:
#include <sys/types.h>
#include <stdint.h>
#include <stddef.h>
#include "sys/types.h"


#undef KEY
#if defined(__i386)
# define KEY '_','_','i','3','8','6'
#elif defined(__x86_64)
# define KEY '_','_','x','8','6','_','6','4'
#elif defined(__ppc__)
# define KEY '_','_','p','p','c','_','_'
#elif defined(__ppc64__)
# define KEY '_','_','p','p','c','6','4','_','_'
#elif defined(__aarch64__)
# define KEY '_','_','a','a','r','c','h','6','4','_','_'
#elif defined(__ARM_ARCH_7A__)
# define KEY '_','_','A','R','M','_','A','R','C','H','_','7','A','_','_'
#elif defined(__ARM_ARCH_7S__)
# define KEY '_','_','A','R','M','_','A','R','C','H','_','7','S','_','_'
#endif

#define SIZE (sizeof(uint16))
char info_size[] =  {'I', 'N', 'F', 'O', ':', 's','i','z','e','[',
  ('0' + ((SIZE / 10000)%10)),
  ('0' + ((SIZE / 1000)%10)),
  ('0' + ((SIZE / 100)%10)),
  ('0' + ((SIZE / 10)%10)),
  ('0' +  (SIZE    % 10)),
  ']',
#ifdef KEY
  ' ','k','e','y','[', KEY, ']',
#endif
  '\0'};

#ifdef __CLASSIC_C__
int main(argc, argv) int argc; char *argv[];
#else
int main(int argc, char *argv[])
#endif
{
  int require = 0;
  require += info_size[argc];
  (void)argv;
  return require;
}


Determining size of int32 failed with the following output:
Change Dir: /home/pi/mariadb-connector-c-3.1.12-src/CMakeFiles/CMakeTmp

Run Build Command:"/usr/bin/make" "cmTC_57714/fast"
/usr/bin/make -f CMakeFiles/cmTC_57714.dir/build.make CMakeFiles/cmTC_57714.dir/build
make[1]: 进入目录“/home/pi/mariadb-connector-c-3.1.12-src/CMakeFiles/CMakeTmp”
Building C object CMakeFiles/cmTC_57714.dir/SIZEOF_INT32.c.o
/usr/bin/cc   -Wunused -Wlogical-op -Wno-uninitialized -Wall -Wextra -Wformat-security -Wno-init-self -Wwrite-strings -Wshift-count-overflow -Wdeclaration-after-statement -Wno-undef -Wno-unknown-pragmas    -o CMakeFiles/cmTC_57714.dir/SIZEOF_INT32.c.o   -c /home/pi/mariadb-connector-c-3.1.12-src/CMakeFiles/CheckTypeSize/SIZEOF_INT32.c
/home/pi/mariadb-connector-c-3.1.12-src/CMakeFiles/CheckTypeSize/SIZEOF_INT32.c:24:22: error: ‘int32’ undeclared here (not in a function); did you mean ‘int32_t’?
 #define SIZE (sizeof(int32))
                      ^~~~~
/home/pi/mariadb-connector-c-3.1.12-src/CMakeFiles/CheckTypeSize/SIZEOF_INT32.c:26:12: note: in expansion of macro ‘SIZE’
   ('0' + ((SIZE / 10000)%10)),
            ^~~~
make[1]: *** [CMakeFiles/cmTC_57714.dir/build.make:66：CMakeFiles/cmTC_57714.dir/SIZEOF_INT32.c.o] 错误 1
make[1]: 离开目录“/home/pi/mariadb-connector-c-3.1.12-src/CMakeFiles/CMakeTmp”
make: *** [Makefile:121：cmTC_57714/fast] 错误 2

/home/pi/mariadb-connector-c-3.1.12-src/CMakeFiles/CheckTypeSize/SIZEOF_INT32.c:
#include <sys/types.h>
#include <stdint.h>
#include <stddef.h>
#include "sys/types.h"


#undef KEY
#if defined(__i386)
# define KEY '_','_','i','3','8','6'
#elif defined(__x86_64)
# define KEY '_','_','x','8','6','_','6','4'
#elif defined(__ppc__)
# define KEY '_','_','p','p','c','_','_'
#elif defined(__ppc64__)
# define KEY '_','_','p','p','c','6','4','_','_'
#elif defined(__aarch64__)
# define KEY '_','_','a','a','r','c','h','6','4','_','_'
#elif defined(__ARM_ARCH_7A__)
# define KEY '_','_','A','R','M','_','A','R','C','H','_','7','A','_','_'
#elif defined(__ARM_ARCH_7S__)
# define KEY '_','_','A','R','M','_','A','R','C','H','_','7','S','_','_'
#endif

#define SIZE (sizeof(int32))
char info_size[] =  {'I', 'N', 'F', 'O', ':', 's','i','z','e','[',
  ('0' + ((SIZE / 10000)%10)),
  ('0' + ((SIZE / 1000)%10)),
  ('0' + ((SIZE / 100)%10)),
  ('0' + ((SIZE / 10)%10)),
  ('0' +  (SIZE    % 10)),
  ']',
#ifdef KEY
  ' ','k','e','y','[', KEY, ']',
#endif
  '\0'};

#ifdef __CLASSIC_C__
int main(argc, argv) int argc; char *argv[];
#else
int main(int argc, char *argv[])
#endif
{
  int require = 0;
  require += info_size[argc];
  (void)argv;
  return require;
}


Determining size of uint32 failed with the following output:
Change Dir: /home/pi/mariadb-connector-c-3.1.12-src/CMakeFiles/CMakeTmp

Run Build Command:"/usr/bin/make" "cmTC_62c85/fast"
/usr/bin/make -f CMakeFiles/cmTC_62c85.dir/build.make CMakeFiles/cmTC_62c85.dir/build
make[1]: 进入目录“/home/pi/mariadb-connector-c-3.1.12-src/CMakeFiles/CMakeTmp”
Building C object CMakeFiles/cmTC_62c85.dir/SIZEOF_UINT32.c.o
/usr/bin/cc   -Wunused -Wlogical-op -Wno-uninitialized -Wall -Wextra -Wformat-security -Wno-init-self -Wwrite-strings -Wshift-count-overflow -Wdeclaration-after-statement -Wno-undef -Wno-unknown-pragmas    -o CMakeFiles/cmTC_62c85.dir/SIZEOF_UINT32.c.o   -c /home/pi/mariadb-connector-c-3.1.12-src/CMakeFiles/CheckTypeSize/SIZEOF_UINT32.c
/home/pi/mariadb-connector-c-3.1.12-src/CMakeFiles/CheckTypeSize/SIZEOF_UINT32.c:24:22: error: ‘uint32’ undeclared here (not in a function); did you mean ‘uint32_t’?
 #define SIZE (sizeof(uint32))
                      ^~~~~~
/home/pi/mariadb-connector-c-3.1.12-src/CMakeFiles/CheckTypeSize/SIZEOF_UINT32.c:26:12: note: in expansion of macro ‘SIZE’
   ('0' + ((SIZE / 10000)%10)),
            ^~~~
make[1]: *** [CMakeFiles/cmTC_62c85.dir/build.make:66：CMakeFiles/cmTC_62c85.dir/SIZEOF_UINT32.c.o] 错误 1
make[1]: 离开目录“/home/pi/mariadb-connector-c-3.1.12-src/CMakeFiles/CMakeTmp”
make: *** [Makefile:121：cmTC_62c85/fast] 错误 2

/home/pi/mariadb-connector-c-3.1.12-src/CMakeFiles/CheckTypeSize/SIZEOF_UINT32.c:
#include <sys/types.h>
#include <stdint.h>
#include <stddef.h>
#include "sys/types.h"


#undef KEY
#if defined(__i386)
# define KEY '_','_','i','3','8','6'
#elif defined(__x86_64)
# define KEY '_','_','x','8','6','_','6','4'
#elif defined(__ppc__)
# define KEY '_','_','p','p','c','_','_'
#elif defined(__ppc64__)
# define KEY '_','_','p','p','c','6','4','_','_'
#elif defined(__aarch64__)
# define KEY '_','_','a','a','r','c','h','6','4','_','_'
#elif defined(__ARM_ARCH_7A__)
# define KEY '_','_','A','R','M','_','A','R','C','H','_','7','A','_','_'
#elif defined(__ARM_ARCH_7S__)
# define KEY '_','_','A','R','M','_','A','R','C','H','_','7','S','_','_'
#endif

#define SIZE (sizeof(uint32))
char info_size[] =  {'I', 'N', 'F', 'O', ':', 's','i','z','e','[',
  ('0' + ((SIZE / 10000)%10)),
  ('0' + ((SIZE / 1000)%10)),
  ('0' + ((SIZE / 100)%10)),
  ('0' + ((SIZE / 10)%10)),
  ('0' +  (SIZE    % 10)),
  ']',
#ifdef KEY
  ' ','k','e','y','[', KEY, ']',
#endif
  '\0'};

#ifdef __CLASSIC_C__
int main(argc, argv) int argc; char *argv[];
#else
int main(int argc, char *argv[])
#endif
{
  int require = 0;
  require += info_size[argc];
  (void)argv;
  return require;
}


Determining size of int64 failed with the following output:
Change Dir: /home/pi/mariadb-connector-c-3.1.12-src/CMakeFiles/CMakeTmp

Run Build Command:"/usr/bin/make" "cmTC_8dfb7/fast"
/usr/bin/make -f CMakeFiles/cmTC_8dfb7.dir/build.make CMakeFiles/cmTC_8dfb7.dir/build
make[1]: 进入目录“/home/pi/mariadb-connector-c-3.1.12-src/CMakeFiles/CMakeTmp”
Building C object CMakeFiles/cmTC_8dfb7.dir/SIZEOF_INT64.c.o
/usr/bin/cc   -Wunused -Wlogical-op -Wno-uninitialized -Wall -Wextra -Wformat-security -Wno-init-self -Wwrite-strings -Wshift-count-overflow -Wdeclaration-after-statement -Wno-undef -Wno-unknown-pragmas    -o CMakeFiles/cmTC_8dfb7.dir/SIZEOF_INT64.c.o   -c /home/pi/mariadb-connector-c-3.1.12-src/CMakeFiles/CheckTypeSize/SIZEOF_INT64.c
/home/pi/mariadb-connector-c-3.1.12-src/CMakeFiles/CheckTypeSize/SIZEOF_INT64.c:24:22: error: ‘int64’ undeclared here (not in a function); did you mean ‘int64_t’?
 #define SIZE (sizeof(int64))
                      ^~~~~
/home/pi/mariadb-connector-c-3.1.12-src/CMakeFiles/CheckTypeSize/SIZEOF_INT64.c:26:12: note: in expansion of macro ‘SIZE’
   ('0' + ((SIZE / 10000)%10)),
            ^~~~
make[1]: *** [CMakeFiles/cmTC_8dfb7.dir/build.make:66：CMakeFiles/cmTC_8dfb7.dir/SIZEOF_INT64.c.o] 错误 1
make[1]: 离开目录“/home/pi/mariadb-connector-c-3.1.12-src/CMakeFiles/CMakeTmp”
make: *** [Makefile:121：cmTC_8dfb7/fast] 错误 2

/home/pi/mariadb-connector-c-3.1.12-src/CMakeFiles/CheckTypeSize/SIZEOF_INT64.c:
#include <sys/types.h>
#include <stdint.h>
#include <stddef.h>
#include "sys/types.h"


#undef KEY
#if defined(__i386)
# define KEY '_','_','i','3','8','6'
#elif defined(__x86_64)
# define KEY '_','_','x','8','6','_','6','4'
#elif defined(__ppc__)
# define KEY '_','_','p','p','c','_','_'
#elif defined(__ppc64__)
# define KEY '_','_','p','p','c','6','4','_','_'
#elif defined(__aarch64__)
# define KEY '_','_','a','a','r','c','h','6','4','_','_'
#elif defined(__ARM_ARCH_7A__)
# define KEY '_','_','A','R','M','_','A','R','C','H','_','7','A','_','_'
#elif defined(__ARM_ARCH_7S__)
# define KEY '_','_','A','R','M','_','A','R','C','H','_','7','S','_','_'
#endif

#define SIZE (sizeof(int64))
char info_size[] =  {'I', 'N', 'F', 'O', ':', 's','i','z','e','[',
  ('0' + ((SIZE / 10000)%10)),
  ('0' + ((SIZE / 1000)%10)),
  ('0' + ((SIZE / 100)%10)),
  ('0' + ((SIZE / 10)%10)),
  ('0' +  (SIZE    % 10)),
  ']',
#ifdef KEY
  ' ','k','e','y','[', KEY, ']',
#endif
  '\0'};

#ifdef __CLASSIC_C__
int main(argc, argv) int argc; char *argv[];
#else
int main(int argc, char *argv[])
#endif
{
  int require = 0;
  require += info_size[argc];
  (void)argv;
  return require;
}


Determining size of uint64 failed with the following output:
Change Dir: /home/pi/mariadb-connector-c-3.1.12-src/CMakeFiles/CMakeTmp

Run Build Command:"/usr/bin/make" "cmTC_3dac7/fast"
/usr/bin/make -f CMakeFiles/cmTC_3dac7.dir/build.make CMakeFiles/cmTC_3dac7.dir/build
make[1]: 进入目录“/home/pi/mariadb-connector-c-3.1.12-src/CMakeFiles/CMakeTmp”
Building C object CMakeFiles/cmTC_3dac7.dir/SIZEOF_UINT64.c.o
/usr/bin/cc   -Wunused -Wlogical-op -Wno-uninitialized -Wall -Wextra -Wformat-security -Wno-init-self -Wwrite-strings -Wshift-count-overflow -Wdeclaration-after-statement -Wno-undef -Wno-unknown-pragmas    -o CMakeFiles/cmTC_3dac7.dir/SIZEOF_UINT64.c.o   -c /home/pi/mariadb-connector-c-3.1.12-src/CMakeFiles/CheckTypeSize/SIZEOF_UINT64.c
/home/pi/mariadb-connector-c-3.1.12-src/CMakeFiles/CheckTypeSize/SIZEOF_UINT64.c:24:22: error: ‘uint64’ undeclared here (not in a function); did you mean ‘uint64_t’?
 #define SIZE (sizeof(uint64))
                      ^~~~~~
/home/pi/mariadb-connector-c-3.1.12-src/CMakeFiles/CheckTypeSize/SIZEOF_UINT64.c:26:12: note: in expansion of macro ‘SIZE’
   ('0' + ((SIZE / 10000)%10)),
            ^~~~
make[1]: *** [CMakeFiles/cmTC_3dac7.dir/build.make:66：CMakeFiles/cmTC_3dac7.dir/SIZEOF_UINT64.c.o] 错误 1
make[1]: 离开目录“/home/pi/mariadb-connector-c-3.1.12-src/CMakeFiles/CMakeTmp”
make: *** [Makefile:121：cmTC_3dac7/fast] 错误 2

/home/pi/mariadb-connector-c-3.1.12-src/CMakeFiles/CheckTypeSize/SIZEOF_UINT64.c:
#include <sys/types.h>
#include <stdint.h>
#include <stddef.h>
#include "sys/types.h"


#undef KEY
#if defined(__i386)
# define KEY '_','_','i','3','8','6'
#elif defined(__x86_64)
# define KEY '_','_','x','8','6','_','6','4'
#elif defined(__ppc__)
# define KEY '_','_','p','p','c','_','_'
#elif defined(__ppc64__)
# define KEY '_','_','p','p','c','6','4','_','_'
#elif defined(__aarch64__)
# define KEY '_','_','a','a','r','c','h','6','4','_','_'
#elif defined(__ARM_ARCH_7A__)
# define KEY '_','_','A','R','M','_','A','R','C','H','_','7','A','_','_'
#elif defined(__ARM_ARCH_7S__)
# define KEY '_','_','A','R','M','_','A','R','C','H','_','7','S','_','_'
#endif

#define SIZE (sizeof(uint64))
char info_size[] =  {'I', 'N', 'F', 'O', ':', 's','i','z','e','[',
  ('0' + ((SIZE / 10000)%10)),
  ('0' + ((SIZE / 1000)%10)),
  ('0' + ((SIZE / 100)%10)),
  ('0' + ((SIZE / 10)%10)),
  ('0' +  (SIZE    % 10)),
  ']',
#ifdef KEY
  ' ','k','e','y','[', KEY, ']',
#endif
  '\0'};

#ifdef __CLASSIC_C__
int main(argc, argv) int argc; char *argv[];
#else
int main(int argc, char *argv[])
#endif
{
  int require = 0;
  require += info_size[argc];
  (void)argv;
  return require;
}


Determining size of socklen_t failed with the following output:
Change Dir: /home/pi/mariadb-connector-c-3.1.12-src/CMakeFiles/CMakeTmp

Run Build Command:"/usr/bin/make" "cmTC_1eb37/fast"
/usr/bin/make -f CMakeFiles/cmTC_1eb37.dir/build.make CMakeFiles/cmTC_1eb37.dir/build
make[1]: 进入目录“/home/pi/mariadb-connector-c-3.1.12-src/CMakeFiles/CMakeTmp”
Building C object CMakeFiles/cmTC_1eb37.dir/SIZEOF_SOCKLEN_T.c.o
/usr/bin/cc   -Wunused -Wlogical-op -Wno-uninitialized -Wall -Wextra -Wformat-security -Wno-init-self -Wwrite-strings -Wshift-count-overflow -Wdeclaration-after-statement -Wno-undef -Wno-unknown-pragmas    -o CMakeFiles/cmTC_1eb37.dir/SIZEOF_SOCKLEN_T.c.o   -c /home/pi/mariadb-connector-c-3.1.12-src/CMakeFiles/CheckTypeSize/SIZEOF_SOCKLEN_T.c
/home/pi/mariadb-connector-c-3.1.12-src/CMakeFiles/CheckTypeSize/SIZEOF_SOCKLEN_T.c:24:22: error: ‘socklen_t’ undeclared here (not in a function)
 #define SIZE (sizeof(socklen_t))
                      ^~~~~~~~~
/home/pi/mariadb-connector-c-3.1.12-src/CMakeFiles/CheckTypeSize/SIZEOF_SOCKLEN_T.c:26:12: note: in expansion of macro ‘SIZE’
   ('0' + ((SIZE / 10000)%10)),
            ^~~~
make[1]: *** [CMakeFiles/cmTC_1eb37.dir/build.make:66：CMakeFiles/cmTC_1eb37.dir/SIZEOF_SOCKLEN_T.c.o] 错误 1
make[1]: 离开目录“/home/pi/mariadb-connector-c-3.1.12-src/CMakeFiles/CMakeTmp”
make: *** [Makefile:121：cmTC_1eb37/fast] 错误 2

/home/pi/mariadb-connector-c-3.1.12-src/CMakeFiles/CheckTypeSize/SIZEOF_SOCKLEN_T.c:
#include <sys/types.h>
#include <stdint.h>
#include <stddef.h>
#include "sys/types.h"


#undef KEY
#if defined(__i386)
# define KEY '_','_','i','3','8','6'
#elif defined(__x86_64)
# define KEY '_','_','x','8','6','_','6','4'
#elif defined(__ppc__)
# define KEY '_','_','p','p','c','_','_'
#elif defined(__ppc64__)
# define KEY '_','_','p','p','c','6','4','_','_'
#elif defined(__aarch64__)
# define KEY '_','_','a','a','r','c','h','6','4','_','_'
#elif defined(__ARM_ARCH_7A__)
# define KEY '_','_','A','R','M','_','A','R','C','H','_','7','A','_','_'
#elif defined(__ARM_ARCH_7S__)
# define KEY '_','_','A','R','M','_','A','R','C','H','_','7','S','_','_'
#endif

#define SIZE (sizeof(socklen_t))
char info_size[] =  {'I', 'N', 'F', 'O', ':', 's','i','z','e','[',
  ('0' + ((SIZE / 10000)%10)),
  ('0' + ((SIZE / 1000)%10)),
  ('0' + ((SIZE / 100)%10)),
  ('0' + ((SIZE / 10)%10)),
  ('0' +  (SIZE    % 10)),
  ']',
#ifdef KEY
  ' ','k','e','y','[', KEY, ']',
#endif
  '\0'};

#ifdef __CLASSIC_C__
int main(argc, argv) int argc; char *argv[];
#else
int main(int argc, char *argv[])
#endif
{
  int require = 0;
  require += info_size[argc];
  (void)argv;
  return require;
}


Determining if the function floor exists failed with the following output:
Change Dir: /home/pi/mariadb-connector-c-3.1.12-src/CMakeFiles/CMakeTmp

Run Build Command:"/usr/bin/make" "cmTC_34380/fast"
/usr/bin/make -f CMakeFiles/cmTC_34380.dir/build.make CMakeFiles/cmTC_34380.dir/build
make[1]: 进入目录“/home/pi/mariadb-connector-c-3.1.12-src/CMakeFiles/CMakeTmp”
Building C object CMakeFiles/cmTC_34380.dir/CheckFunctionExists.c.o
/usr/bin/cc   -Wunused -Wlogical-op -Wno-uninitialized -Wall -Wextra -Wformat-security -Wno-init-self -Wwrite-strings -Wshift-count-overflow -Wdeclaration-after-statement -Wno-undef -Wno-unknown-pragmas -DCHECK_FUNCTION_EXISTS=floor   -o CMakeFiles/cmTC_34380.dir/CheckFunctionExists.c.o   -c /usr/share/cmake-3.13/Modules/CheckFunctionExists.c
<command-line>: warning: conflicting types for built-in function ‘floor’ [-Wbuiltin-declaration-mismatch]
/usr/share/cmake-3.13/Modules/CheckFunctionExists.c:7:3: note: in expansion of macro ‘CHECK_FUNCTION_EXISTS’
   CHECK_FUNCTION_EXISTS(void);
   ^~~~~~~~~~~~~~~~~~~~~
Linking C executable cmTC_34380
/usr/bin/cmake -E cmake_link_script CMakeFiles/cmTC_34380.dir/link.txt --verbose=1
/usr/bin/cc  -Wunused -Wlogical-op -Wno-uninitialized -Wall -Wextra -Wformat-security -Wno-init-self -Wwrite-strings -Wshift-count-overflow -Wdeclaration-after-statement -Wno-undef -Wno-unknown-pragmas -DCHECK_FUNCTION_EXISTS=floor    -rdynamic CMakeFiles/cmTC_34380.dir/CheckFunctionExists.c.o  -o cmTC_34380 
/usr/bin/ld: CMakeFiles/cmTC_34380.dir/CheckFunctionExists.c.o: in function `main':
CheckFunctionExists.c:(.text+0x14): undefined reference to `floor'
collect2: error: ld returned 1 exit status
make[1]: *** [CMakeFiles/cmTC_34380.dir/build.make:87：cmTC_34380] 错误 1
make[1]: 离开目录“/home/pi/mariadb-connector-c-3.1.12-src/CMakeFiles/CMakeTmp”
make: *** [Makefile:121：cmTC_34380/fast] 错误 2


Determining if the function pthread_getspecific exists failed with the following output:
Change Dir: /home/pi/mariadb-connector-c-3.1.12-src/CMakeFiles/CMakeTmp

Run Build Command:"/usr/bin/make" "cmTC_39696/fast"
/usr/bin/make -f CMakeFiles/cmTC_39696.dir/build.make CMakeFiles/cmTC_39696.dir/build
make[1]: 进入目录“/home/pi/mariadb-connector-c-3.1.12-src/CMakeFiles/CMakeTmp”
Building C object CMakeFiles/cmTC_39696.dir/CheckFunctionExists.c.o
/usr/bin/cc   -Wunused -Wlogical-op -Wno-uninitialized -Wall -Wextra -Wformat-security -Wno-init-self -Wwrite-strings -Wshift-count-overflow -Wdeclaration-after-statement -Wno-undef -Wno-unknown-pragmas -DCHECK_FUNCTION_EXISTS=pthread_getspecific   -o CMakeFiles/cmTC_39696.dir/CheckFunctionExists.c.o   -c /usr/share/cmake-3.13/Modules/CheckFunctionExists.c
Linking C executable cmTC_39696
/usr/bin/cmake -E cmake_link_script CMakeFiles/cmTC_39696.dir/link.txt --verbose=1
/usr/bin/cc  -Wunused -Wlogical-op -Wno-uninitialized -Wall -Wextra -Wformat-security -Wno-init-self -Wwrite-strings -Wshift-count-overflow -Wdeclaration-after-statement -Wno-undef -Wno-unknown-pragmas -DCHECK_FUNCTION_EXISTS=pthread_getspecific    -rdynamic CMakeFiles/cmTC_39696.dir/CheckFunctionExists.c.o  -o cmTC_39696 
/usr/bin/ld: CMakeFiles/cmTC_39696.dir/CheckFunctionExists.c.o: in function `main':
CheckFunctionExists.c:(.text+0x14): undefined reference to `pthread_getspecific'
collect2: error: ld returned 1 exit status
make[1]: *** [CMakeFiles/cmTC_39696.dir/build.make:87：cmTC_39696] 错误 1
make[1]: 离开目录“/home/pi/mariadb-connector-c-3.1.12-src/CMakeFiles/CMakeTmp”
make: *** [Makefile:121：cmTC_39696/fast] 错误 2


Determining if the pthread_create exist failed with the following output:
Change Dir: /home/pi/mariadb-connector-c-3.1.12-src/CMakeFiles/CMakeTmp

Run Build Command:"/usr/bin/make" "cmTC_7062b/fast"
/usr/bin/make -f CMakeFiles/cmTC_7062b.dir/build.make CMakeFiles/cmTC_7062b.dir/build
make[1]: 进入目录“/home/pi/mariadb-connector-c-3.1.12-src/CMakeFiles/CMakeTmp”
Building C object CMakeFiles/cmTC_7062b.dir/CheckSymbolExists.c.o
/usr/bin/cc   -Wunused -Wlogical-op -Wno-uninitialized -Wall -Wextra -Wformat-security -Wno-init-self -Wwrite-strings -Wshift-count-overflow -Wdeclaration-after-statement -Wno-undef -Wno-unknown-pragmas    -o CMakeFiles/cmTC_7062b.dir/CheckSymbolExists.c.o   -c /home/pi/mariadb-connector-c-3.1.12-src/CMakeFiles/CMakeTmp/CheckSymbolExists.c
Linking C executable cmTC_7062b
/usr/bin/cmake -E cmake_link_script CMakeFiles/cmTC_7062b.dir/link.txt --verbose=1
/usr/bin/cc  -Wunused -Wlogical-op -Wno-uninitialized -Wall -Wextra -Wformat-security -Wno-init-self -Wwrite-strings -Wshift-count-overflow -Wdeclaration-after-statement -Wno-undef -Wno-unknown-pragmas     -rdynamic CMakeFiles/cmTC_7062b.dir/CheckSymbolExists.c.o  -o cmTC_7062b 
/usr/bin/ld: CMakeFiles/cmTC_7062b.dir/CheckSymbolExists.c.o: in function `main':
CheckSymbolExists.c:(.text+0x38): undefined reference to `pthread_create'
collect2: error: ld returned 1 exit status
make[1]: *** [CMakeFiles/cmTC_7062b.dir/build.make:87：cmTC_7062b] 错误 1
make[1]: 离开目录“/home/pi/mariadb-connector-c-3.1.12-src/CMakeFiles/CMakeTmp”
make: *** [Makefile:121：cmTC_7062b/fast] 错误 2

File /home/pi/mariadb-connector-c-3.1.12-src/CMakeFiles/CMakeTmp/CheckSymbolExists.c:
/* */
#include <pthread.h>

int main(int argc, char** argv)
{
  (void)argv;
#ifndef pthread_create
  return ((int*)(&pthread_create))[argc];
#else
  (void)argc;
  return 0;
#endif
}

Determining if the function pthread_create exists in the pthreads failed with the following output:
Change Dir: /home/pi/mariadb-connector-c-3.1.12-src/CMakeFiles/CMakeTmp

Run Build Command:"/usr/bin/make" "cmTC_a487a/fast"
/usr/bin/make -f CMakeFiles/cmTC_a487a.dir/build.make CMakeFiles/cmTC_a487a.dir/build
make[1]: 进入目录“/home/pi/mariadb-connector-c-3.1.12-src/CMakeFiles/CMakeTmp”
Building C object CMakeFiles/cmTC_a487a.dir/CheckFunctionExists.c.o
/usr/bin/cc   -Wunused -Wlogical-op -Wno-uninitialized -Wall -Wextra -Wformat-security -Wno-init-self -Wwrite-strings -Wshift-count-overflow -Wdeclaration-after-statement -Wno-undef -Wno-unknown-pragmas -DCHECK_FUNCTION_EXISTS=pthread_create   -o CMakeFiles/cmTC_a487a.dir/CheckFunctionExists.c.o   -c /usr/share/cmake-3.13/Modules/CheckFunctionExists.c
Linking C executable cmTC_a487a
/usr/bin/cmake -E cmake_link_script CMakeFiles/cmTC_a487a.dir/link.txt --verbose=1
/usr/bin/cc  -Wunused -Wlogical-op -Wno-uninitialized -Wall -Wextra -Wformat-security -Wno-init-self -Wwrite-strings -Wshift-count-overflow -Wdeclaration-after-statement -Wno-undef -Wno-unknown-pragmas -DCHECK_FUNCTION_EXISTS=pthread_create    -rdynamic CMakeFiles/cmTC_a487a.dir/CheckFunctionExists.c.o  -o cmTC_a487a -lpthreads 
/usr/bin/ld: 找不到 -lpthreads
collect2: error: ld returned 1 exit status
make[1]: *** [CMakeFiles/cmTC_a487a.dir/build.make:87：cmTC_a487a] 错误 1
make[1]: 离开目录“/home/pi/mariadb-connector-c-3.1.12-src/CMakeFiles/CMakeTmp”
make: *** [Makefile:121：cmTC_a487a/fast] 错误 2


